<?xml version="1.0" encoding="UTF-8"?>
<testsuite name="com.example.crawler.controller.CrawlerControllerTest" tests="2" skipped="0" failures="0" errors="0" timestamp="2022-12-03T12:42:34" hostname="DESKTOP-H8T3J64" time="0.211">
  <properties/>
  <testcase name="givenWac_whenServletContext_thenItProvidesGreetController()" classname="com.example.crawler.controller.CrawlerControllerTest" time="0.05"/>
  <testcase name="startCrawlerShouldReturnOk()" classname="com.example.crawler.controller.CrawlerControllerTest" time="0.16"/>
  <system-out><![CDATA[2022-12-03T14:42:34.431+02:00  INFO 20164 --- [    Test worker] t.c.s.AnnotationConfigContextLoaderUtils : Could not detect default configuration classes for test class [com.example.crawler.controller.CrawlerControllerTest]: CrawlerControllerTest does not declare any static, non-private, non-final, nested classes annotated with @Configuration.
2022-12-03T14:42:34.462+02:00  INFO 20164 --- [    Test worker] .b.t.c.SpringBootTestContextBootstrapper : Found @SpringBootConfiguration com.example.crawler.CrawlerApplication for test class com.example.crawler.controller.CrawlerControllerTest

  .   ____          _            __ _ _
 /\\ / ___'_ __ _ _(_)_ __  __ _ \ \ \ \
( ( )\___ | '_ | '_| | '_ \/ _` | \ \ \ \
 \\/  ___)| |_)| | | | | || (_| |  ) ) ) )
  '  |____| .__|_| |_|_| |_\__, | / / / /
 =========|_|==============|___/=/_/_/_/
 :: Spring Boot ::                (v3.0.0)

2022-12-03T14:42:34.503+02:00  INFO 20164 --- [    Test worker] c.e.c.controller.CrawlerControllerTest   : Starting CrawlerControllerTest using Java 17.0.3.1 with PID 20164 (started by anton in D:\work\projects\crawler)
2022-12-03T14:42:34.503+02:00  INFO 20164 --- [    Test worker] c.e.c.controller.CrawlerControllerTest   : No active profile set, falling back to 1 default profile: "default"
2022-12-03T14:42:34.942+02:00  INFO 20164 --- [    Test worker] o.s.b.t.m.w.SpringBootMockServletContext : Initializing Spring TestDispatcherServlet ''
2022-12-03T14:42:34.943+02:00  INFO 20164 --- [    Test worker] o.s.t.web.servlet.TestDispatcherServlet  : Initializing Servlet ''
2022-12-03T14:42:34.946+02:00  INFO 20164 --- [    Test worker] o.s.t.web.servlet.TestDispatcherServlet  : Completed initialization in 0 ms
2022-12-03T14:42:34.955+02:00  INFO 20164 --- [    Test worker] c.e.c.controller.CrawlerControllerTest   : Started CrawlerControllerTest in 0.484 seconds (process running for 8.027)
2022-12-03T14:42:34.995+02:00  INFO 20164 --- [    Test worker] o.s.b.t.m.w.SpringBootMockServletContext : Initializing Spring TestDispatcherServlet ''
2022-12-03T14:42:34.995+02:00  INFO 20164 --- [    Test worker] o.s.t.web.servlet.TestDispatcherServlet  : Initializing Servlet ''
2022-12-03T14:42:34.996+02:00  INFO 20164 --- [    Test worker] o.s.t.web.servlet.TestDispatcherServlet  : Completed initialization in 1 ms
2022-12-03T14:42:35.014+02:00  INFO 20164 --- [    Test worker] o.s.b.t.m.w.SpringBootMockServletContext : Initializing Spring TestDispatcherServlet ''
2022-12-03T14:42:35.014+02:00  INFO 20164 --- [    Test worker] o.s.t.web.servlet.TestDispatcherServlet  : Initializing Servlet ''
2022-12-03T14:42:35.018+02:00  INFO 20164 --- [    Test worker] o.s.t.web.servlet.TestDispatcherServlet  : Completed initialization in 3 ms
]]></system-out>
  <system-err><![CDATA[]]></system-err>
</testsuite>
